28.3.2022, 12:04:48 - INFO - Server is running on port: 3030
28.3.2022, 12:09:52 - INFO - Server is running on port: 3030
28.3.2022, 12:41:53 - ERROR - cannot remove gig '62417c95fac78e737c309593' | {}
28.3.2022, 12:41:53 - ERROR - Failed to remove gig | {}
28.3.2022, 12:41:55 - ERROR - cannot remove gig '62417c95fac78e737c309593' | {}
28.3.2022, 12:41:55 - ERROR - Failed to remove gig | {}
28.3.2022, 12:41:59 - ERROR - cannot remove gig '62417c95fac78e737c309593' | {}
28.3.2022, 12:41:59 - ERROR - Failed to remove gig | {}
28.3.2022, 12:41:59 - ERROR - cannot remove gig '62417c95fac78e737c309593' | {}
28.3.2022, 12:41:59 - ERROR - Failed to remove gig | {}
28.3.2022, 12:42:31 - ERROR - Failed to update gig | {}
28.3.2022, 12:42:31 - ERROR - Failed to update gig | {}
28.3.2022, 12:42:31 - ERROR - Failed to update gig | {}
28.3.2022, 12:42:31 - ERROR - Failed to update gig | {}
28.3.2022, 12:42:31 - ERROR - Failed to update gig | {}
28.3.2022, 12:42:31 - ERROR - Failed to update gig | {}
28.3.2022, 12:42:31 - ERROR - Failed to update gig | {}
28.3.2022, 12:42:31 - ERROR - Failed to update gig | {}
28.3.2022, 12:42:31 - ERROR - Failed to update gig | {}
28.3.2022, 12:42:31 - ERROR - Failed to update gig | {}
28.3.2022, 12:42:31 - ERROR - Failed to update gig | {}
28.3.2022, 12:42:31 - ERROR - Failed to update gig | {}
28.3.2022, 12:42:31 - ERROR - Failed to update gig | {}
28.3.2022, 12:42:31 - ERROR - Failed to update gig | {}
28.3.2022, 12:42:31 - ERROR - Failed to update gig | {}
28.3.2022, 12:42:31 - ERROR - Failed to update gig | {}
28.3.2022, 12:42:31 - ERROR - Failed to update gig | {}
28.3.2022, 12:42:31 - ERROR - Failed to update gig | {}
28.3.2022, 12:42:31 - ERROR - Failed to update gig | {}
28.3.2022, 12:42:31 - ERROR - Failed to update gig | {}
28.3.2022, 12:42:31 - ERROR - Failed to update gig | {}
28.3.2022, 12:42:31 - ERROR - Failed to update gig | {}
28.3.2022, 12:42:31 - ERROR - Failed to update gig | {}
28.3.2022, 12:42:31 - ERROR - Failed to update gig | {}
28.3.2022, 12:42:31 - ERROR - Failed to update gig | {}
28.3.2022, 12:42:31 - ERROR - Failed to update gig | {}
28.3.2022, 12:42:31 - ERROR - Failed to update gig | {}
28.3.2022, 12:42:31 - ERROR - Failed to update gig | {}
28.3.2022, 12:42:31 - ERROR - Failed to update gig | {}
28.3.2022, 12:42:31 - ERROR - Failed to update gig | {}
28.3.2022, 12:42:31 - ERROR - Failed to update gig | {}
28.3.2022, 12:42:31 - ERROR - Failed to update gig | {}
28.3.2022, 12:42:31 - ERROR - Failed to update gig | {}
28.3.2022, 12:42:31 - ERROR - Failed to update gig | {}
28.3.2022, 12:42:31 - ERROR - Failed to update gig | {}
28.3.2022, 12:42:31 - ERROR - Failed to update gig | {}
28.3.2022, 12:42:31 - ERROR - Failed to update gig | {}
28.3.2022, 12:42:31 - ERROR - Failed to update gig | {}
28.3.2022, 12:42:31 - ERROR - Failed to update gig | {}
28.3.2022, 12:42:31 - ERROR - Failed to update gig | {}
28.3.2022, 12:42:31 - ERROR - Failed to update gig | {}
28.3.2022, 12:42:31 - ERROR - Failed to update gig | {}
28.3.2022, 12:42:31 - ERROR - Failed to update gig | {}
28.3.2022, 12:42:31 - ERROR - Failed to update gig | {}
28.3.2022, 12:42:31 - ERROR - Failed to update gig | {}
28.3.2022, 12:42:31 - ERROR - Failed to update gig | {}
28.3.2022, 12:42:31 - ERROR - Failed to update gig | {}
28.3.2022, 12:42:31 - ERROR - Failed to update gig | {}
28.3.2022, 12:42:31 - ERROR - Failed to update gig | {}
28.3.2022, 12:42:31 - ERROR - Failed to update gig | {}
28.3.2022, 12:42:31 - ERROR - Failed to update gig | {}
28.3.2022, 12:42:31 - ERROR - Failed to update gig | {}
28.3.2022, 12:42:31 - ERROR - Failed to update gig | {}
28.3.2022, 12:42:31 - ERROR - Failed to update gig | {}
28.3.2022, 12:42:31 - ERROR - Failed to update gig | {}
28.3.2022, 12:42:31 - ERROR - Failed to update gig | {}
28.3.2022, 12:42:31 - ERROR - Failed to update gig | {}
28.3.2022, 12:42:31 - ERROR - Failed to update gig | {}
28.3.2022, 12:42:31 - ERROR - Failed to update gig | {}
28.3.2022, 12:42:31 - ERROR - Failed to update gig | {}
28.3.2022, 12:42:31 - ERROR - Failed to update gig | {}
28.3.2022, 12:42:31 - ERROR - Failed to update gig | {}
28.3.2022, 12:42:31 - ERROR - Failed to update gig | {}
28.3.2022, 12:42:31 - ERROR - Failed to update gig | {}
28.3.2022, 12:42:31 - ERROR - Failed to update gig | {}
28.3.2022, 12:42:31 - ERROR - Failed to update gig | {}
28.3.2022, 12:42:31 - ERROR - Failed to update gig | {}
28.3.2022, 12:42:31 - ERROR - Failed to update gig | {}
28.3.2022, 12:42:31 - ERROR - Failed to update gig | {}
28.3.2022, 12:42:31 - ERROR - Failed to update gig | {}
28.3.2022, 12:42:31 - ERROR - Failed to update gig | {}
28.3.2022, 12:42:31 - ERROR - Failed to update gig | {}
28.3.2022, 12:42:31 - ERROR - Failed to update gig | {}
28.3.2022, 12:42:31 - ERROR - Failed to update gig | {}
28.3.2022, 12:42:31 - ERROR - Failed to update gig | {}
28.3.2022, 12:42:31 - ERROR - Failed to update gig | {}
28.3.2022, 12:42:31 - ERROR - Failed to update gig | {}
28.3.2022, 12:42:31 - ERROR - Failed to update gig | {}
28.3.2022, 12:42:31 - ERROR - Failed to update gig | {}
28.3.2022, 12:42:31 - ERROR - Failed to update gig | {}
28.3.2022, 12:42:31 - ERROR - Failed to update gig | {}
28.3.2022, 12:42:31 - ERROR - Failed to update gig | {}
28.3.2022, 12:42:31 - ERROR - Failed to update gig | {}
28.3.2022, 12:42:31 - ERROR - Failed to update gig | {}
28.3.2022, 12:42:31 - ERROR - Failed to update gig | {}
28.3.2022, 12:42:31 - ERROR - Failed to update gig | {}
28.3.2022, 12:42:31 - ERROR - Failed to update gig | {}
28.3.2022, 12:42:31 - ERROR - Failed to update gig | {}
28.3.2022, 12:42:31 - ERROR - Failed to update gig | {}
28.3.2022, 12:42:31 - ERROR - Failed to update gig | {}
28.3.2022, 12:42:31 - ERROR - Failed to update gig | {}
28.3.2022, 12:42:31 - ERROR - Failed to update gig | {}
28.3.2022, 12:42:31 - ERROR - Failed to update gig | {}
28.3.2022, 12:42:31 - ERROR - Failed to update gig | {}
28.3.2022, 12:42:31 - ERROR - Failed to update gig | {}
28.3.2022, 12:42:31 - ERROR - Failed to update gig | {}
28.3.2022, 12:42:31 - ERROR - Failed to update gig | {}
28.3.2022, 12:42:31 - ERROR - Failed to update gig | {}
28.3.2022, 12:42:31 - ERROR - Failed to update gig | {}
28.3.2022, 12:42:31 - ERROR - Failed to update gig | {}
28.3.2022, 12:42:38 - ERROR - Failed to update gig | {}
28.3.2022, 12:42:38 - ERROR - Failed to update gig | {}
28.3.2022, 12:42:38 - ERROR - Failed to update gig | {}
28.3.2022, 12:42:38 - ERROR - Failed to update gig | {}
28.3.2022, 12:42:38 - ERROR - Failed to update gig | {}
28.3.2022, 12:42:38 - ERROR - Failed to update gig | {}
28.3.2022, 12:42:38 - ERROR - Failed to update gig | {}
28.3.2022, 12:42:38 - ERROR - Failed to update gig | {}
28.3.2022, 12:42:38 - ERROR - Failed to update gig | {}
28.3.2022, 12:42:38 - ERROR - Failed to update gig | {}
28.3.2022, 12:42:38 - ERROR - Failed to update gig | {}
28.3.2022, 12:42:38 - ERROR - Failed to update gig | {}
28.3.2022, 12:42:38 - ERROR - Failed to update gig | {}
28.3.2022, 12:42:38 - ERROR - Failed to update gig | {}
28.3.2022, 12:42:38 - ERROR - Failed to update gig | {}
28.3.2022, 12:42:38 - ERROR - Failed to update gig | {}
28.3.2022, 12:42:38 - ERROR - Failed to update gig | {}
28.3.2022, 12:42:38 - ERROR - Failed to update gig | {}
28.3.2022, 12:42:38 - ERROR - Failed to update gig | {}
28.3.2022, 12:42:38 - ERROR - Failed to update gig | {}
28.3.2022, 12:42:38 - ERROR - Failed to update gig | {}
28.3.2022, 12:42:38 - ERROR - Failed to update gig | {}
28.3.2022, 12:42:38 - ERROR - Failed to update gig | {}
28.3.2022, 12:42:38 - ERROR - Failed to update gig | {}
28.3.2022, 12:42:38 - ERROR - Failed to update gig | {}
28.3.2022, 12:42:38 - ERROR - Failed to update gig | {}
28.3.2022, 12:42:38 - ERROR - Failed to update gig | {}
28.3.2022, 12:42:38 - ERROR - Failed to update gig | {}
28.3.2022, 12:42:38 - ERROR - Failed to update gig | {}
28.3.2022, 12:42:38 - ERROR - Failed to update gig | {}
28.3.2022, 12:42:38 - ERROR - Failed to update gig | {}
28.3.2022, 12:42:38 - ERROR - Failed to update gig | {}
28.3.2022, 12:42:38 - ERROR - Failed to update gig | {}
28.3.2022, 12:42:38 - ERROR - Failed to update gig | {}
28.3.2022, 12:42:38 - ERROR - Failed to update gig | {}
28.3.2022, 12:42:38 - ERROR - Failed to update gig | {}
28.3.2022, 12:42:38 - ERROR - Failed to update gig | {}
28.3.2022, 12:42:39 - ERROR - Failed to update gig | {}
28.3.2022, 12:42:39 - ERROR - Failed to update gig | {}
28.3.2022, 12:42:39 - ERROR - Failed to update gig | {}
28.3.2022, 12:42:39 - ERROR - Failed to update gig | {}
28.3.2022, 12:42:39 - ERROR - Failed to update gig | {}
28.3.2022, 12:42:39 - ERROR - Failed to update gig | {}
28.3.2022, 12:42:39 - ERROR - Failed to update gig | {}
28.3.2022, 12:42:39 - ERROR - Failed to update gig | {}
28.3.2022, 12:42:39 - ERROR - Failed to update gig | {}
28.3.2022, 12:42:39 - ERROR - Failed to update gig | {}
28.3.2022, 12:42:39 - ERROR - Failed to update gig | {}
28.3.2022, 12:42:39 - ERROR - Failed to update gig | {}
28.3.2022, 12:42:39 - ERROR - Failed to update gig | {}
28.3.2022, 12:42:39 - ERROR - Failed to update gig | {}
28.3.2022, 12:42:39 - ERROR - Failed to update gig | {}
28.3.2022, 12:42:39 - ERROR - Failed to update gig | {}
28.3.2022, 12:42:39 - ERROR - Failed to update gig | {}
28.3.2022, 12:42:39 - ERROR - Failed to update gig | {}
28.3.2022, 12:42:39 - ERROR - Failed to update gig | {}
28.3.2022, 12:42:39 - ERROR - Failed to update gig | {}
28.3.2022, 12:42:39 - ERROR - Failed to update gig | {}
28.3.2022, 12:42:39 - ERROR - Failed to update gig | {}
28.3.2022, 12:42:39 - ERROR - Failed to update gig | {}
28.3.2022, 12:42:39 - ERROR - Failed to update gig | {}
28.3.2022, 12:42:39 - ERROR - Failed to update gig | {}
28.3.2022, 12:42:39 - ERROR - Failed to update gig | {}
28.3.2022, 12:42:39 - ERROR - Failed to update gig | {}
28.3.2022, 12:42:39 - ERROR - Failed to update gig | {}
28.3.2022, 12:42:39 - ERROR - Failed to update gig | {}
28.3.2022, 12:42:39 - ERROR - Failed to update gig | {}
28.3.2022, 12:42:39 - ERROR - Failed to update gig | {}
28.3.2022, 12:42:39 - ERROR - Failed to update gig | {}
28.3.2022, 12:42:39 - ERROR - Failed to update gig | {}
28.3.2022, 12:42:39 - ERROR - Failed to update gig | {}
28.3.2022, 12:42:39 - ERROR - Failed to update gig | {}
28.3.2022, 12:42:39 - ERROR - Failed to update gig | {}
28.3.2022, 12:42:39 - ERROR - Failed to update gig | {}
28.3.2022, 12:42:39 - ERROR - Failed to update gig | {}
28.3.2022, 12:42:39 - ERROR - Failed to update gig | {}
28.3.2022, 12:42:39 - ERROR - Failed to update gig | {}
28.3.2022, 12:42:39 - ERROR - Failed to update gig | {}
28.3.2022, 12:42:39 - ERROR - Failed to update gig | {}
28.3.2022, 12:42:39 - ERROR - Failed to update gig | {}
28.3.2022, 12:42:39 - ERROR - Failed to update gig | {}
28.3.2022, 12:42:39 - ERROR - Failed to update gig | {}
28.3.2022, 12:42:39 - ERROR - Failed to update gig | {}
28.3.2022, 12:42:39 - ERROR - Failed to update gig | {}
28.3.2022, 12:42:39 - ERROR - Failed to update gig | {}
28.3.2022, 12:42:39 - ERROR - Failed to update gig | {}
28.3.2022, 12:42:39 - ERROR - Failed to update gig | {}
28.3.2022, 12:42:39 - ERROR - Failed to update gig | {}
28.3.2022, 12:42:39 - ERROR - Failed to update gig | {}
28.3.2022, 12:42:39 - ERROR - Failed to update gig | {}
28.3.2022, 12:42:39 - ERROR - Failed to update gig | {}
28.3.2022, 12:42:39 - ERROR - Failed to update gig | {}
28.3.2022, 12:42:39 - ERROR - Failed to update gig | {}
28.3.2022, 12:42:39 - ERROR - Failed to update gig | {}
28.3.2022, 12:42:39 - ERROR - Failed to update gig | {}
28.3.2022, 12:42:39 - ERROR - Failed to update gig | {}
28.3.2022, 12:42:39 - ERROR - Failed to update gig | {}
28.3.2022, 12:42:39 - ERROR - Failed to update gig | {}
28.3.2022, 12:42:39 - ERROR - Failed to update gig | {}
28.3.2022, 12:42:39 - ERROR - Failed to update gig | {}
28.3.2022, 12:43:05 - ERROR - Failed to update gig | {}
28.3.2022, 12:43:05 - ERROR - Failed to update gig | {}
28.3.2022, 12:43:05 - ERROR - Failed to update gig | {}
28.3.2022, 12:43:05 - ERROR - Failed to update gig | {}
28.3.2022, 12:43:05 - ERROR - Failed to update gig | {}
28.3.2022, 12:43:05 - ERROR - Failed to update gig | {}
28.3.2022, 12:43:05 - ERROR - Failed to update gig | {}
28.3.2022, 12:43:05 - ERROR - Failed to update gig | {}
28.3.2022, 12:43:05 - ERROR - Failed to update gig | {}
28.3.2022, 12:43:05 - ERROR - Failed to update gig | {}
28.3.2022, 12:43:05 - ERROR - Failed to update gig | {}
28.3.2022, 12:43:05 - ERROR - Failed to update gig | {}
28.3.2022, 12:43:05 - ERROR - Failed to update gig | {}
28.3.2022, 12:43:05 - ERROR - Failed to update gig | {}
28.3.2022, 12:43:05 - ERROR - Failed to update gig | {}
28.3.2022, 12:43:05 - ERROR - Failed to update gig | {}
28.3.2022, 12:43:05 - ERROR - Failed to update gig | {}
28.3.2022, 12:43:05 - ERROR - Failed to update gig | {}
28.3.2022, 12:43:05 - ERROR - Failed to update gig | {}
28.3.2022, 12:43:05 - ERROR - Failed to update gig | {}
28.3.2022, 12:43:05 - ERROR - Failed to update gig | {}
28.3.2022, 12:43:05 - ERROR - Failed to update gig | {}
28.3.2022, 12:43:05 - ERROR - Failed to update gig | {}
28.3.2022, 12:43:05 - ERROR - Failed to update gig | {}
28.3.2022, 12:43:05 - ERROR - Failed to update gig | {}
28.3.2022, 12:43:05 - ERROR - Failed to update gig | {}
28.3.2022, 12:43:05 - ERROR - Failed to update gig | {}
28.3.2022, 12:43:05 - ERROR - Failed to update gig | {}
28.3.2022, 12:43:05 - ERROR - Failed to update gig | {}
28.3.2022, 12:43:05 - ERROR - Failed to update gig | {}
28.3.2022, 12:43:05 - ERROR - Failed to update gig | {}
28.3.2022, 12:43:05 - ERROR - Failed to update gig | {}
28.3.2022, 12:43:06 - ERROR - Failed to update gig | {}
28.3.2022, 12:43:06 - ERROR - Failed to update gig | {}
28.3.2022, 12:43:06 - ERROR - Failed to update gig | {}
28.3.2022, 12:43:06 - ERROR - Failed to update gig | {}
28.3.2022, 12:43:06 - ERROR - Failed to update gig | {}
28.3.2022, 12:43:06 - ERROR - Failed to update gig | {}
28.3.2022, 12:43:06 - ERROR - Failed to update gig | {}
28.3.2022, 12:43:06 - ERROR - Failed to update gig | {}
28.3.2022, 12:43:06 - ERROR - Failed to update gig | {}
28.3.2022, 12:43:06 - ERROR - Failed to update gig | {}
28.3.2022, 12:43:06 - ERROR - Failed to update gig | {}
28.3.2022, 12:43:06 - ERROR - Failed to update gig | {}
28.3.2022, 12:43:06 - ERROR - Failed to update gig | {}
28.3.2022, 12:43:06 - ERROR - Failed to update gig | {}
28.3.2022, 12:43:06 - ERROR - Failed to update gig | {}
28.3.2022, 12:43:06 - ERROR - Failed to update gig | {}
28.3.2022, 12:43:06 - ERROR - Failed to update gig | {}
28.3.2022, 12:43:06 - ERROR - Failed to update gig | {}
28.3.2022, 12:43:06 - ERROR - Failed to update gig | {}
28.3.2022, 12:43:06 - ERROR - Failed to update gig | {}
28.3.2022, 12:43:06 - ERROR - Failed to update gig | {}
28.3.2022, 12:43:06 - ERROR - Failed to update gig | {}
28.3.2022, 12:43:06 - ERROR - Failed to update gig | {}
28.3.2022, 12:43:06 - ERROR - Failed to update gig | {}
28.3.2022, 12:43:06 - ERROR - Failed to update gig | {}
28.3.2022, 12:43:06 - ERROR - Failed to update gig | {}
28.3.2022, 12:43:06 - ERROR - Failed to update gig | {}
28.3.2022, 12:43:06 - ERROR - Failed to update gig | {}
28.3.2022, 12:43:06 - ERROR - Failed to update gig | {}
28.3.2022, 12:43:06 - ERROR - Failed to update gig | {}
28.3.2022, 12:43:06 - ERROR - Failed to update gig | {}
28.3.2022, 12:43:06 - ERROR - Failed to update gig | {}
28.3.2022, 12:43:06 - ERROR - Failed to update gig | {}
28.3.2022, 12:43:06 - ERROR - Failed to update gig | {}
28.3.2022, 12:43:06 - ERROR - Failed to update gig | {}
28.3.2022, 12:43:06 - ERROR - Failed to update gig | {}
28.3.2022, 12:43:06 - ERROR - Failed to update gig | {}
28.3.2022, 12:43:06 - ERROR - Failed to update gig | {}
28.3.2022, 12:43:06 - ERROR - Failed to update gig | {}
28.3.2022, 12:43:06 - ERROR - Failed to update gig | {}
28.3.2022, 12:43:06 - ERROR - Failed to update gig | {}
28.3.2022, 12:43:06 - ERROR - Failed to update gig | {}
28.3.2022, 12:43:06 - ERROR - Failed to update gig | {}
28.3.2022, 12:43:06 - ERROR - Failed to update gig | {}
28.3.2022, 12:43:06 - ERROR - Failed to update gig | {}
28.3.2022, 12:43:06 - ERROR - Failed to update gig | {}
28.3.2022, 12:43:06 - ERROR - Failed to update gig | {}
28.3.2022, 12:43:06 - ERROR - Failed to update gig | {}
28.3.2022, 12:43:06 - ERROR - Failed to update gig | {}
28.3.2022, 12:43:06 - ERROR - Failed to update gig | {}
28.3.2022, 12:43:06 - ERROR - Failed to update gig | {}
28.3.2022, 12:43:06 - ERROR - Failed to update gig | {}
28.3.2022, 12:43:06 - ERROR - Failed to update gig | {}
28.3.2022, 12:43:06 - ERROR - Failed to update gig | {}
28.3.2022, 12:43:06 - ERROR - Failed to update gig | {}
28.3.2022, 12:43:06 - ERROR - Failed to update gig | {}
28.3.2022, 12:43:06 - ERROR - Failed to update gig | {}
28.3.2022, 12:43:06 - ERROR - Failed to update gig | {}
28.3.2022, 12:43:06 - ERROR - Failed to update gig | {}
28.3.2022, 12:43:06 - ERROR - Failed to update gig | {}
28.3.2022, 12:43:06 - ERROR - Failed to update gig | {}
28.3.2022, 12:43:06 - ERROR - Failed to update gig | {}
28.3.2022, 12:43:06 - ERROR - Failed to update gig | {}
28.3.2022, 12:43:06 - ERROR - Failed to update gig | {}
28.3.2022, 12:43:06 - ERROR - Failed to update gig | {}
28.3.2022, 12:43:06 - ERROR - Failed to update gig | {}
28.3.2022, 12:43:06 - ERROR - Failed to update gig | {}
28.3.2022, 12:43:06 - ERROR - Failed to update gig | {}
28.3.2022, 13:13:12 - ERROR - while finding gig TvuNV5EqSvE70lS | {}
28.3.2022, 13:13:12 - ERROR - Failed to get gig | {}
28.3.2022, 13:13:22 - ERROR - while finding gig TvuNV5EqSvE70lS | {}
28.3.2022, 13:13:22 - ERROR - Failed to get gig | {}
28.3.2022, 13:19:35 - ERROR - while finding gig TvuNV5EqSvE70lS | {}
28.3.2022, 13:19:35 - ERROR - Failed to get gig | {}
28.3.2022, 13:19:45 - ERROR - while finding gig TvuNV5EqSvE70lS | {}
28.3.2022, 13:19:45 - ERROR - Failed to get gig | {}
28.3.2022, 13:20:06 - ERROR - while finding gig nceIEP9t2cfV8dc | {}
28.3.2022, 13:20:06 - ERROR - Failed to get gig | {}
28.3.2022, 13:23:15 - ERROR - while finding gig nceIEP9t2cfV8dc | {}
28.3.2022, 13:23:15 - ERROR - Failed to get gig | {}
28.3.2022, 13:25:05 - ERROR - while finding gig ogzJPyzTuRuja9f | {}
28.3.2022, 13:25:05 - ERROR - Failed to get gig | {}
28.3.2022, 13:25:45 - ERROR - while finding gig ogzJPyzTuRuja9f | {}
28.3.2022, 13:25:45 - ERROR - Failed to get gig | {}
28.3.2022, 14:20:40 - INFO - Server is running on port: 3030
28.3.2022, 14:24:31 - INFO - Server is running on port: 3030
28.3.2022, 14:34:01 - INFO - Server is running on port: 3030
28.3.2022, 14:34:03 - INFO - Server is running on port: 3030
28.3.2022, 14:34:34 - INFO - Server is running on port: 3030
28.3.2022, 14:36:02 - INFO - Server is running on port: 3030
28.3.2022, 14:40:50 - INFO - Server is running on port: 3030
28.3.2022, 14:40:52 - INFO - Server is running on port: 3030
28.3.2022, 14:41:01 - INFO - Server is running on port: 3030
28.3.2022, 14:41:07 - ERROR - cannot find gigs | {}
28.3.2022, 14:41:07 - ERROR - Failed to get gigs | {}
28.3.2022, 14:41:07 - ERROR - cannot find gigs | {}
28.3.2022, 14:41:07 - ERROR - Failed to get gigs | {}
28.3.2022, 14:41:07 - ERROR - cannot find gigs | {}
28.3.2022, 14:41:07 - ERROR - Failed to get gigs | {}
28.3.2022, 14:44:25 - INFO - Server is running on port: 3030
28.3.2022, 14:46:32 - INFO - Server is running on port: 3030
28.3.2022, 14:46:37 - ERROR - Failed to update gig | {}
28.3.2022, 14:46:37 - ERROR - Failed to update gig | {}
28.3.2022, 14:46:37 - ERROR - Failed to update gig | {}
28.3.2022, 14:46:37 - ERROR - Failed to update gig | {}
28.3.2022, 14:46:37 - ERROR - Failed to update gig | {}
28.3.2022, 14:46:37 - ERROR - Failed to update gig | {}
28.3.2022, 14:46:37 - ERROR - Failed to update gig | {}
28.3.2022, 14:46:37 - ERROR - Failed to update gig | {}
28.3.2022, 14:46:37 - ERROR - Failed to update gig | {}
28.3.2022, 14:46:37 - ERROR - Failed to update gig | {}
28.3.2022, 14:46:37 - ERROR - Failed to update gig | {}
28.3.2022, 14:46:37 - ERROR - Failed to update gig | {}
28.3.2022, 14:46:37 - ERROR - Failed to update gig | {}
28.3.2022, 14:46:37 - ERROR - Failed to update gig | {}
28.3.2022, 14:46:37 - ERROR - Failed to update gig | {}
28.3.2022, 14:46:37 - ERROR - Failed to update gig | {}
28.3.2022, 14:46:37 - ERROR - Failed to update gig | {}
28.3.2022, 14:46:37 - ERROR - Failed to update gig | {}
28.3.2022, 14:46:37 - ERROR - Failed to update gig | {}
28.3.2022, 14:46:37 - ERROR - Failed to update gig | {}
28.3.2022, 14:46:37 - ERROR - Failed to update gig | {}
28.3.2022, 14:46:37 - ERROR - Failed to update gig | {}
28.3.2022, 14:46:37 - ERROR - Failed to update gig | {}
28.3.2022, 14:46:37 - ERROR - Failed to update gig | {}
28.3.2022, 14:46:37 - ERROR - Failed to update gig | {}
28.3.2022, 14:46:37 - ERROR - Failed to update gig | {}
28.3.2022, 14:46:37 - ERROR - Failed to update gig | {}
28.3.2022, 14:46:37 - ERROR - Failed to update gig | {}
28.3.2022, 14:46:37 - ERROR - Failed to update gig | {}
28.3.2022, 14:46:37 - ERROR - Failed to update gig | {}
28.3.2022, 14:46:37 - ERROR - Failed to update gig | {}
28.3.2022, 14:46:37 - ERROR - Failed to update gig | {}
28.3.2022, 14:46:37 - ERROR - Failed to update gig | {}
28.3.2022, 14:46:37 - ERROR - Failed to update gig | {}
28.3.2022, 14:46:37 - ERROR - Failed to update gig | {}
28.3.2022, 14:46:37 - ERROR - Failed to update gig | {}
28.3.2022, 14:46:37 - ERROR - Failed to update gig | {}
28.3.2022, 14:46:37 - ERROR - Failed to update gig | {}
28.3.2022, 14:46:37 - ERROR - Failed to update gig | {}
28.3.2022, 14:46:37 - ERROR - Failed to update gig | {}
28.3.2022, 14:46:37 - ERROR - Failed to update gig | {}
28.3.2022, 14:46:37 - ERROR - Failed to update gig | {}
28.3.2022, 14:46:37 - ERROR - Failed to update gig | {}
28.3.2022, 14:46:37 - ERROR - Failed to update gig | {}
28.3.2022, 14:46:37 - ERROR - Failed to update gig | {}
28.3.2022, 14:46:37 - ERROR - Failed to update gig | {}
28.3.2022, 14:46:37 - ERROR - Failed to update gig | {}
28.3.2022, 14:46:37 - ERROR - Failed to update gig | {}
28.3.2022, 14:46:37 - ERROR - Failed to update gig | {}
28.3.2022, 14:46:37 - ERROR - Failed to update gig | {}
28.3.2022, 14:46:37 - ERROR - Failed to update gig | {}
28.3.2022, 14:46:37 - ERROR - Failed to update gig | {}
28.3.2022, 14:46:37 - ERROR - Failed to update gig | {}
28.3.2022, 14:46:37 - ERROR - Failed to update gig | {}
28.3.2022, 14:46:37 - ERROR - Failed to update gig | {}
28.3.2022, 14:46:37 - ERROR - Failed to update gig | {}
28.3.2022, 14:46:37 - ERROR - Failed to update gig | {}
28.3.2022, 14:46:37 - ERROR - Failed to update gig | {}
28.3.2022, 14:46:37 - ERROR - Failed to update gig | {}
28.3.2022, 14:46:37 - ERROR - Failed to update gig | {}
28.3.2022, 14:46:37 - ERROR - Failed to update gig | {}
28.3.2022, 14:46:37 - ERROR - Failed to update gig | {}
28.3.2022, 14:46:37 - ERROR - Failed to update gig | {}
28.3.2022, 14:46:37 - ERROR - Failed to update gig | {}
28.3.2022, 14:46:37 - ERROR - Failed to update gig | {}
28.3.2022, 14:46:37 - ERROR - Failed to update gig | {}
28.3.2022, 14:46:37 - ERROR - Failed to update gig | {}
28.3.2022, 14:46:37 - ERROR - Failed to update gig | {}
28.3.2022, 14:46:37 - ERROR - Failed to update gig | {}
28.3.2022, 14:46:37 - ERROR - Failed to update gig | {}
28.3.2022, 14:46:37 - ERROR - Failed to update gig | {}
28.3.2022, 14:46:37 - ERROR - Failed to update gig | {}
28.3.2022, 14:46:37 - ERROR - Failed to update gig | {}
28.3.2022, 14:46:37 - ERROR - Failed to update gig | {}
28.3.2022, 14:46:37 - ERROR - Failed to update gig | {}
28.3.2022, 14:46:37 - ERROR - Failed to update gig | {}
28.3.2022, 14:46:37 - ERROR - Failed to update gig | {}
28.3.2022, 14:46:37 - ERROR - Failed to update gig | {}
28.3.2022, 14:46:37 - ERROR - Failed to update gig | {}
28.3.2022, 14:46:37 - ERROR - Failed to update gig | {}
28.3.2022, 14:46:37 - ERROR - Failed to update gig | {}
28.3.2022, 14:46:37 - ERROR - Failed to update gig | {}
28.3.2022, 14:46:37 - ERROR - Failed to update gig | {}
28.3.2022, 14:46:37 - ERROR - Failed to update gig | {}
28.3.2022, 14:46:37 - ERROR - Failed to update gig | {}
28.3.2022, 14:46:37 - ERROR - Failed to update gig | {}
28.3.2022, 14:46:37 - ERROR - Failed to update gig | {}
28.3.2022, 14:46:37 - ERROR - Failed to update gig | {}
28.3.2022, 14:46:37 - ERROR - Failed to update gig | {}
28.3.2022, 14:46:37 - ERROR - Failed to update gig | {}
28.3.2022, 14:46:37 - ERROR - Failed to update gig | {}
28.3.2022, 14:46:37 - ERROR - Failed to update gig | {}
28.3.2022, 14:46:37 - ERROR - Failed to update gig | {}
28.3.2022, 14:46:37 - ERROR - Failed to update gig | {}
28.3.2022, 14:46:37 - ERROR - Failed to update gig | {}
28.3.2022, 14:46:37 - ERROR - Failed to update gig | {}
28.3.2022, 14:46:37 - ERROR - Failed to update gig | {}
28.3.2022, 14:46:37 - ERROR - Failed to update gig | {}
28.3.2022, 14:46:37 - ERROR - Failed to update gig | {}
28.3.2022, 14:46:37 - ERROR - Failed to update gig | {}
28.3.2022, 14:47:33 - INFO - Server is running on port: 3030
28.3.2022, 14:48:09 - INFO - Server is running on port: 3030
28.3.2022, 14:48:11 - INFO - Server is running on port: 3030
28.3.2022, 14:48:19 - INFO - Server is running on port: 3030
28.3.2022, 14:48:27 - INFO - Server is running on port: 3030
28.3.2022, 14:48:29 - ERROR - Failed to update gig | {}
28.3.2022, 14:48:29 - ERROR - Failed to update gig | {}
28.3.2022, 14:48:29 - ERROR - Failed to update gig | {}
28.3.2022, 14:48:29 - ERROR - Failed to update gig | {}
28.3.2022, 14:48:29 - ERROR - Failed to update gig | {}
28.3.2022, 14:48:29 - ERROR - Failed to update gig | {}
28.3.2022, 14:48:29 - ERROR - Failed to update gig | {}
28.3.2022, 14:48:29 - ERROR - Failed to update gig | {}
28.3.2022, 14:48:29 - ERROR - Failed to update gig | {}
28.3.2022, 14:48:29 - ERROR - Failed to update gig | {}
28.3.2022, 14:48:29 - ERROR - Failed to update gig | {}
28.3.2022, 14:48:29 - ERROR - Failed to update gig | {}
28.3.2022, 14:48:29 - ERROR - Failed to update gig | {}
28.3.2022, 14:48:29 - ERROR - Failed to update gig | {}
28.3.2022, 14:48:29 - ERROR - Failed to update gig | {}
28.3.2022, 14:48:29 - ERROR - Failed to update gig | {}
28.3.2022, 14:48:29 - ERROR - Failed to update gig | {}
28.3.2022, 14:48:29 - ERROR - Failed to update gig | {}
28.3.2022, 14:48:29 - ERROR - Failed to update gig | {}
28.3.2022, 14:48:29 - ERROR - Failed to update gig | {}
28.3.2022, 14:48:29 - ERROR - Failed to update gig | {}
28.3.2022, 14:48:29 - ERROR - Failed to update gig | {}
28.3.2022, 14:48:29 - ERROR - Failed to update gig | {}
28.3.2022, 14:48:29 - ERROR - Failed to update gig | {}
28.3.2022, 14:48:29 - ERROR - Failed to update gig | {}
28.3.2022, 14:48:29 - ERROR - Failed to update gig | {}
28.3.2022, 14:48:29 - ERROR - Failed to update gig | {}
28.3.2022, 14:48:29 - ERROR - Failed to update gig | {}
28.3.2022, 14:48:29 - ERROR - Failed to update gig | {}
28.3.2022, 14:48:29 - ERROR - Failed to update gig | {}
28.3.2022, 14:48:29 - ERROR - Failed to update gig | {}
28.3.2022, 14:48:29 - ERROR - Failed to update gig | {}
28.3.2022, 14:48:30 - ERROR - Failed to update gig | {}
28.3.2022, 14:48:30 - ERROR - Failed to update gig | {}
28.3.2022, 14:48:30 - ERROR - Failed to update gig | {}
28.3.2022, 14:48:30 - ERROR - Failed to update gig | {}
28.3.2022, 14:48:30 - ERROR - Failed to update gig | {}
28.3.2022, 14:48:30 - ERROR - Failed to update gig | {}
28.3.2022, 14:48:30 - ERROR - Failed to update gig | {}
28.3.2022, 14:48:30 - ERROR - Failed to update gig | {}
28.3.2022, 14:48:30 - ERROR - Failed to update gig | {}
28.3.2022, 14:48:30 - ERROR - Failed to update gig | {}
28.3.2022, 14:48:30 - ERROR - Failed to update gig | {}
28.3.2022, 14:48:30 - ERROR - Failed to update gig | {}
28.3.2022, 14:48:30 - ERROR - Failed to update gig | {}
28.3.2022, 14:48:30 - ERROR - Failed to update gig | {}
28.3.2022, 14:48:30 - ERROR - Failed to update gig | {}
28.3.2022, 14:48:30 - ERROR - Failed to update gig | {}
28.3.2022, 14:48:30 - ERROR - Failed to update gig | {}
28.3.2022, 14:48:30 - ERROR - Failed to update gig | {}
28.3.2022, 14:48:30 - ERROR - Failed to update gig | {}
28.3.2022, 14:48:30 - ERROR - Failed to update gig | {}
28.3.2022, 14:48:30 - ERROR - Failed to update gig | {}
28.3.2022, 14:48:30 - ERROR - Failed to update gig | {}
28.3.2022, 14:48:30 - ERROR - Failed to update gig | {}
28.3.2022, 14:48:30 - ERROR - Failed to update gig | {}
28.3.2022, 14:48:30 - ERROR - Failed to update gig | {}
28.3.2022, 14:48:30 - ERROR - Failed to update gig | {}
28.3.2022, 14:48:30 - ERROR - Failed to update gig | {}
28.3.2022, 14:48:30 - ERROR - Failed to update gig | {}
28.3.2022, 14:48:30 - ERROR - Failed to update gig | {}
28.3.2022, 14:48:30 - ERROR - Failed to update gig | {}
28.3.2022, 14:48:30 - ERROR - Failed to update gig | {}
28.3.2022, 14:48:30 - ERROR - Failed to update gig | {}
28.3.2022, 14:48:30 - ERROR - Failed to update gig | {}
28.3.2022, 14:48:30 - ERROR - Failed to update gig | {}
28.3.2022, 14:48:30 - ERROR - Failed to update gig | {}
28.3.2022, 14:48:30 - ERROR - Failed to update gig | {}
28.3.2022, 14:48:30 - ERROR - Failed to update gig | {}
28.3.2022, 14:48:30 - ERROR - Failed to update gig | {}
28.3.2022, 14:48:30 - ERROR - Failed to update gig | {}
28.3.2022, 14:48:30 - ERROR - Failed to update gig | {}
28.3.2022, 14:48:30 - ERROR - Failed to update gig | {}
28.3.2022, 14:48:30 - ERROR - Failed to update gig | {}
28.3.2022, 14:48:30 - ERROR - Failed to update gig | {}
28.3.2022, 14:48:30 - ERROR - Failed to update gig | {}
28.3.2022, 14:48:30 - ERROR - Failed to update gig | {}
28.3.2022, 14:48:30 - ERROR - Failed to update gig | {}
28.3.2022, 14:48:30 - ERROR - Failed to update gig | {}
28.3.2022, 14:48:30 - ERROR - Failed to update gig | {}
28.3.2022, 14:48:30 - ERROR - Failed to update gig | {}
28.3.2022, 14:48:30 - ERROR - Failed to update gig | {}
28.3.2022, 14:48:30 - ERROR - Failed to update gig | {}
28.3.2022, 14:48:30 - ERROR - Failed to update gig | {}
28.3.2022, 14:48:30 - ERROR - Failed to update gig | {}
28.3.2022, 14:48:30 - ERROR - Failed to update gig | {}
28.3.2022, 14:48:30 - ERROR - Failed to update gig | {}
28.3.2022, 14:48:30 - ERROR - Failed to update gig | {}
28.3.2022, 14:48:30 - ERROR - Failed to update gig | {}
28.3.2022, 14:48:30 - ERROR - Failed to update gig | {}
28.3.2022, 14:48:30 - ERROR - Failed to update gig | {}
28.3.2022, 14:48:30 - ERROR - Failed to update gig | {}
28.3.2022, 14:48:30 - ERROR - Failed to update gig | {}
28.3.2022, 14:48:30 - ERROR - Failed to update gig | {}
28.3.2022, 14:48:30 - ERROR - Failed to update gig | {}
28.3.2022, 14:48:30 - ERROR - Failed to update gig | {}
28.3.2022, 14:48:30 - ERROR - Failed to update gig | {}
28.3.2022, 14:48:30 - ERROR - Failed to update gig | {}
28.3.2022, 14:48:30 - ERROR - Failed to update gig | {}
28.3.2022, 14:48:30 - ERROR - Failed to update gig | {}
28.3.2022, 14:50:07 - INFO - Server is running on port: 3030
28.3.2022, 14:50:10 - ERROR - Failed to update gig | {}
28.3.2022, 14:50:10 - ERROR - Failed to update gig | {}
28.3.2022, 14:50:10 - ERROR - Failed to update gig | {}
28.3.2022, 14:50:10 - ERROR - Failed to update gig | {}
28.3.2022, 14:50:10 - ERROR - Failed to update gig | {}
28.3.2022, 14:50:10 - ERROR - Failed to update gig | {}
28.3.2022, 14:50:10 - ERROR - Failed to update gig | {}
28.3.2022, 14:50:10 - ERROR - Failed to update gig | {}
28.3.2022, 14:50:10 - ERROR - Failed to update gig | {}
28.3.2022, 14:50:10 - ERROR - Failed to update gig | {}
28.3.2022, 14:50:10 - ERROR - Failed to update gig | {}
28.3.2022, 14:50:10 - ERROR - Failed to update gig | {}
28.3.2022, 14:50:10 - ERROR - Failed to update gig | {}
28.3.2022, 14:50:10 - ERROR - Failed to update gig | {}
28.3.2022, 14:50:10 - ERROR - Failed to update gig | {}
28.3.2022, 14:50:10 - ERROR - Failed to update gig | {}
28.3.2022, 14:50:10 - ERROR - Failed to update gig | {}
28.3.2022, 14:50:10 - ERROR - Failed to update gig | {}
28.3.2022, 14:50:10 - ERROR - Failed to update gig | {}
28.3.2022, 14:50:10 - ERROR - Failed to update gig | {}
28.3.2022, 14:50:10 - ERROR - Failed to update gig | {}
28.3.2022, 14:50:10 - ERROR - Failed to update gig | {}
28.3.2022, 14:50:10 - ERROR - Failed to update gig | {}
28.3.2022, 14:50:10 - ERROR - Failed to update gig | {}
28.3.2022, 14:50:10 - ERROR - Failed to update gig | {}
28.3.2022, 14:50:10 - ERROR - Failed to update gig | {}
28.3.2022, 14:50:10 - ERROR - Failed to update gig | {}
28.3.2022, 14:50:10 - ERROR - Failed to update gig | {}
28.3.2022, 14:50:10 - ERROR - Failed to update gig | {}
28.3.2022, 14:50:10 - ERROR - Failed to update gig | {}
28.3.2022, 14:50:10 - ERROR - Failed to update gig | {}
28.3.2022, 14:50:10 - ERROR - Failed to update gig | {}
28.3.2022, 14:50:10 - ERROR - Failed to update gig | {}
28.3.2022, 14:50:10 - ERROR - Failed to update gig | {}
28.3.2022, 14:50:10 - ERROR - Failed to update gig | {}
28.3.2022, 14:50:10 - ERROR - Failed to update gig | {}
28.3.2022, 14:50:10 - ERROR - Failed to update gig | {}
28.3.2022, 14:50:10 - ERROR - Failed to update gig | {}
28.3.2022, 14:50:10 - ERROR - Failed to update gig | {}
28.3.2022, 14:50:10 - ERROR - Failed to update gig | {}
28.3.2022, 14:50:10 - ERROR - Failed to update gig | {}
28.3.2022, 14:50:10 - ERROR - Failed to update gig | {}
28.3.2022, 14:50:10 - ERROR - Failed to update gig | {}
28.3.2022, 14:50:10 - ERROR - Failed to update gig | {}
28.3.2022, 14:50:10 - ERROR - Failed to update gig | {}
28.3.2022, 14:50:10 - ERROR - Failed to update gig | {}
28.3.2022, 14:50:10 - ERROR - Failed to update gig | {}
28.3.2022, 14:50:10 - ERROR - Failed to update gig | {}
28.3.2022, 14:50:10 - ERROR - Failed to update gig | {}
28.3.2022, 14:50:10 - ERROR - Failed to update gig | {}
28.3.2022, 14:50:10 - ERROR - Failed to update gig | {}
28.3.2022, 14:50:10 - ERROR - Failed to update gig | {}
28.3.2022, 14:50:10 - ERROR - Failed to update gig | {}
28.3.2022, 14:50:10 - ERROR - Failed to update gig | {}
28.3.2022, 14:50:10 - ERROR - Failed to update gig | {}
28.3.2022, 14:50:10 - ERROR - Failed to update gig | {}
28.3.2022, 14:50:10 - ERROR - Failed to update gig | {}
28.3.2022, 14:50:10 - ERROR - Failed to update gig | {}
28.3.2022, 14:50:10 - ERROR - Failed to update gig | {}
28.3.2022, 14:50:10 - ERROR - Failed to update gig | {}
28.3.2022, 14:50:10 - ERROR - Failed to update gig | {}
28.3.2022, 14:50:10 - ERROR - Failed to update gig | {}
28.3.2022, 14:50:10 - ERROR - Failed to update gig | {}
28.3.2022, 14:50:10 - ERROR - Failed to update gig | {}
28.3.2022, 14:50:10 - ERROR - Failed to update gig | {}
28.3.2022, 14:50:10 - ERROR - Failed to update gig | {}
28.3.2022, 14:50:10 - ERROR - Failed to update gig | {}
28.3.2022, 14:50:10 - ERROR - Failed to update gig | {}
28.3.2022, 14:50:10 - ERROR - Failed to update gig | {}
28.3.2022, 14:50:10 - ERROR - Failed to update gig | {}
28.3.2022, 14:50:10 - ERROR - Failed to update gig | {}
28.3.2022, 14:50:10 - ERROR - Failed to update gig | {}
28.3.2022, 14:50:10 - ERROR - Failed to update gig | {}
28.3.2022, 14:50:10 - ERROR - Failed to update gig | {}
28.3.2022, 14:50:10 - ERROR - Failed to update gig | {}
28.3.2022, 14:50:10 - ERROR - Failed to update gig | {}
28.3.2022, 14:50:10 - ERROR - Failed to update gig | {}
28.3.2022, 14:50:10 - ERROR - Failed to update gig | {}
28.3.2022, 14:50:10 - ERROR - Failed to update gig | {}
28.3.2022, 14:50:10 - ERROR - Failed to update gig | {}
28.3.2022, 14:50:10 - ERROR - Failed to update gig | {}
28.3.2022, 14:50:10 - ERROR - Failed to update gig | {}
28.3.2022, 14:50:10 - ERROR - Failed to update gig | {}
28.3.2022, 14:50:10 - ERROR - Failed to update gig | {}
28.3.2022, 14:50:10 - ERROR - Failed to update gig | {}
28.3.2022, 14:50:10 - ERROR - Failed to update gig | {}
28.3.2022, 14:50:10 - ERROR - Failed to update gig | {}
28.3.2022, 14:50:10 - ERROR - Failed to update gig | {}
28.3.2022, 14:50:10 - ERROR - Failed to update gig | {}
28.3.2022, 14:50:10 - ERROR - Failed to update gig | {}
28.3.2022, 14:50:10 - ERROR - Failed to update gig | {}
28.3.2022, 14:50:10 - ERROR - Failed to update gig | {}
28.3.2022, 14:50:10 - ERROR - Failed to update gig | {}
28.3.2022, 14:50:10 - ERROR - Failed to update gig | {}
28.3.2022, 14:50:10 - ERROR - Failed to update gig | {}
28.3.2022, 14:50:10 - ERROR - Failed to update gig | {}
28.3.2022, 14:50:10 - ERROR - Failed to update gig | {}
28.3.2022, 14:50:10 - ERROR - Failed to update gig | {}
28.3.2022, 14:50:10 - ERROR - Failed to update gig | {}
28.3.2022, 14:50:10 - ERROR - Failed to update gig | {}
28.3.2022, 14:56:41 - ERROR - Failed to update gig | {}
28.3.2022, 14:56:41 - ERROR - Failed to update gig | {}
28.3.2022, 14:56:41 - ERROR - Failed to update gig | {}
28.3.2022, 14:56:41 - ERROR - Failed to update gig | {}
28.3.2022, 14:56:41 - ERROR - Failed to update gig | {}
28.3.2022, 14:56:41 - ERROR - Failed to update gig | {}
28.3.2022, 14:56:41 - ERROR - Failed to update gig | {}
28.3.2022, 14:56:41 - ERROR - Failed to update gig | {}
28.3.2022, 14:56:41 - ERROR - Failed to update gig | {}
28.3.2022, 14:56:41 - ERROR - Failed to update gig | {}
28.3.2022, 14:56:41 - ERROR - Failed to update gig | {}
28.3.2022, 14:56:41 - ERROR - Failed to update gig | {}
28.3.2022, 14:56:41 - ERROR - Failed to update gig | {}
28.3.2022, 14:56:41 - ERROR - Failed to update gig | {}
28.3.2022, 14:56:41 - ERROR - Failed to update gig | {}
28.3.2022, 14:56:41 - ERROR - Failed to update gig | {}
28.3.2022, 14:56:41 - ERROR - Failed to update gig | {}
28.3.2022, 14:56:41 - ERROR - Failed to update gig | {}
28.3.2022, 14:56:41 - ERROR - Failed to update gig | {}
28.3.2022, 14:56:41 - ERROR - Failed to update gig | {}
28.3.2022, 14:56:41 - ERROR - Failed to update gig | {}
28.3.2022, 14:56:41 - ERROR - Failed to update gig | {}
28.3.2022, 14:56:41 - ERROR - Failed to update gig | {}
28.3.2022, 14:56:41 - ERROR - Failed to update gig | {}
28.3.2022, 14:56:41 - ERROR - Failed to update gig | {}
28.3.2022, 14:56:41 - ERROR - Failed to update gig | {}
28.3.2022, 14:56:41 - ERROR - Failed to update gig | {}
28.3.2022, 14:56:41 - ERROR - Failed to update gig | {}
28.3.2022, 14:56:41 - ERROR - Failed to update gig | {}
28.3.2022, 14:56:41 - ERROR - Failed to update gig | {}
28.3.2022, 14:56:41 - ERROR - Failed to update gig | {}
28.3.2022, 14:56:41 - ERROR - Failed to update gig | {}
28.3.2022, 14:56:41 - ERROR - Failed to update gig | {}
28.3.2022, 14:56:41 - ERROR - Failed to update gig | {}
28.3.2022, 14:56:41 - ERROR - Failed to update gig | {}
28.3.2022, 14:56:41 - ERROR - Failed to update gig | {}
28.3.2022, 14:56:41 - ERROR - Failed to update gig | {}
28.3.2022, 14:56:41 - ERROR - Failed to update gig | {}
28.3.2022, 14:56:41 - ERROR - Failed to update gig | {}
28.3.2022, 14:56:41 - ERROR - Failed to update gig | {}
28.3.2022, 14:56:41 - ERROR - Failed to update gig | {}
28.3.2022, 14:56:41 - ERROR - Failed to update gig | {}
28.3.2022, 14:56:41 - ERROR - Failed to update gig | {}
28.3.2022, 14:56:41 - ERROR - Failed to update gig | {}
28.3.2022, 14:56:41 - ERROR - Failed to update gig | {}
28.3.2022, 14:56:41 - ERROR - Failed to update gig | {}
28.3.2022, 14:56:41 - ERROR - Failed to update gig | {}
28.3.2022, 14:56:41 - ERROR - Failed to update gig | {}
28.3.2022, 14:56:41 - ERROR - Failed to update gig | {}
28.3.2022, 14:56:41 - ERROR - Failed to update gig | {}
28.3.2022, 14:56:41 - ERROR - Failed to update gig | {}
28.3.2022, 14:56:41 - ERROR - Failed to update gig | {}
28.3.2022, 14:56:41 - ERROR - Failed to update gig | {}
28.3.2022, 14:56:41 - ERROR - Failed to update gig | {}
28.3.2022, 14:56:41 - ERROR - Failed to update gig | {}
28.3.2022, 14:56:41 - ERROR - Failed to update gig | {}
28.3.2022, 14:56:41 - ERROR - Failed to update gig | {}
28.3.2022, 14:56:41 - ERROR - Failed to update gig | {}
28.3.2022, 14:56:41 - ERROR - Failed to update gig | {}
28.3.2022, 14:56:41 - ERROR - Failed to update gig | {}
28.3.2022, 14:56:41 - ERROR - Failed to update gig | {}
28.3.2022, 14:56:41 - ERROR - Failed to update gig | {}
28.3.2022, 14:56:41 - ERROR - Failed to update gig | {}
28.3.2022, 14:56:41 - ERROR - Failed to update gig | {}
28.3.2022, 14:56:41 - ERROR - Failed to update gig | {}
28.3.2022, 14:56:41 - ERROR - Failed to update gig | {}
28.3.2022, 14:56:42 - ERROR - Failed to update gig | {}
28.3.2022, 14:56:42 - ERROR - Failed to update gig | {}
28.3.2022, 14:56:42 - ERROR - Failed to update gig | {}
28.3.2022, 14:56:42 - ERROR - Failed to update gig | {}
28.3.2022, 14:56:42 - ERROR - Failed to update gig | {}
28.3.2022, 14:56:42 - ERROR - Failed to update gig | {}
28.3.2022, 14:56:42 - ERROR - Failed to update gig | {}
28.3.2022, 14:56:42 - ERROR - Failed to update gig | {}
28.3.2022, 14:56:42 - ERROR - Failed to update gig | {}
28.3.2022, 14:56:42 - ERROR - Failed to update gig | {}
28.3.2022, 14:56:42 - ERROR - Failed to update gig | {}
28.3.2022, 14:56:42 - ERROR - Failed to update gig | {}
28.3.2022, 14:56:42 - ERROR - Failed to update gig | {}
28.3.2022, 14:56:42 - ERROR - Failed to update gig | {}
28.3.2022, 14:56:42 - ERROR - Failed to update gig | {}
28.3.2022, 14:56:42 - ERROR - Failed to update gig | {}
28.3.2022, 14:56:42 - ERROR - Failed to update gig | {}
28.3.2022, 14:56:42 - ERROR - Failed to update gig | {}
28.3.2022, 14:56:42 - ERROR - Failed to update gig | {}
28.3.2022, 14:56:42 - ERROR - Failed to update gig | {}
28.3.2022, 14:56:42 - ERROR - Failed to update gig | {}
28.3.2022, 14:56:42 - ERROR - Failed to update gig | {}
28.3.2022, 14:56:42 - ERROR - Failed to update gig | {}
28.3.2022, 14:56:42 - ERROR - Failed to update gig | {}
28.3.2022, 14:56:42 - ERROR - Failed to update gig | {}
28.3.2022, 14:56:42 - ERROR - Failed to update gig | {}
28.3.2022, 14:56:42 - ERROR - Failed to update gig | {}
28.3.2022, 14:56:42 - ERROR - Failed to update gig | {}
28.3.2022, 14:56:42 - ERROR - Failed to update gig | {}
28.3.2022, 14:56:42 - ERROR - Failed to update gig | {}
28.3.2022, 14:56:42 - ERROR - Failed to update gig | {}
28.3.2022, 14:56:42 - ERROR - Failed to update gig | {}
28.3.2022, 14:56:42 - ERROR - Failed to update gig | {}
28.3.2022, 14:56:42 - ERROR - Failed to update gig | {}
28.3.2022, 15:17:17 - INFO - Server is running on port: 3030
28/03/2022, 19:43:37 - INFO - Server is running on port: 3030
28/03/2022, 19:45:48 - ERROR - cannot find gigs | {}
28/03/2022, 19:45:48 - ERROR - Failed to get gigs | {}
28/03/2022, 19:45:48 - ERROR - cannot find gigs | {}
28/03/2022, 19:45:48 - ERROR - Failed to get gigs | {}
28/03/2022, 19:46:08 - ERROR - cannot find gigs | {}
28/03/2022, 19:46:08 - ERROR - Failed to get gigs | {}
28/03/2022, 19:46:34 - ERROR - cannot find gigs | {}
28/03/2022, 19:46:34 - ERROR - Failed to get gigs | {}
28/03/2022, 19:46:35 - ERROR - cannot find gigs | {}
28/03/2022, 19:46:35 - ERROR - Failed to get gigs | {}
28/03/2022, 19:46:53 - ERROR - cannot find gigs | {}
28/03/2022, 19:46:53 - ERROR - Failed to get gigs | {}
28/03/2022, 19:49:42 - ERROR - cannot find gigs | {}
28/03/2022, 19:49:42 - ERROR - Failed to get gigs | {}
28/03/2022, 19:49:42 - ERROR - cannot find gigs | {}
28/03/2022, 19:49:42 - ERROR - Failed to get gigs | {}
28/03/2022, 19:50:02 - ERROR - cannot find gigs | {}
28/03/2022, 19:50:02 - ERROR - Failed to get gigs | {}
29/03/2022, 11:38:30 - INFO - Server is running on port: 3030
30/03/2022, 9:26:29 - INFO - Server is running on port: 3030
30/03/2022, 11:10:26 - INFO - Server is running on port: 3030
29.3.2022, 12:20:00 - INFO - Server is running on port: 3030
30.3.2022, 10:00:23 - INFO - Server is running on port: 3030
30.3.2022, 10:16:26 - INFO - Server is running on port: 3030
30.3.2022, 10:17:17 - INFO - Server is running on port: 3030
30.3.2022, 10:21:17 - INFO - Server is running on port: 3030
30.3.2022, 10:21:18 - INFO - Server is running on port: 3030
30/03/2022, 11:49:32 - INFO - Server is running on port: 3030
30/03/2022, 11:53:33 - INFO - Server is running on port: 3030
